0 info it worked if it ends with ok
1 verbose cli [ 'C:\\Program Files\\nodejs\\\\node.exe',
1 verbose cli   'C:\\Program Files\\nodejs\\node_modules\\npm\\bin\\npm-cli.js',
1 verbose cli   'start' ]
2 info using npm@1.3.14
3 info using node@v0.10.22
4 verbose node symlink C:\Program Files\nodejs\\node.exe
5 verbose run-script [ 'prestart', 'start', 'poststart' ]
6 info prestart MC-Squeebot@0.0.2
7 info start MC-Squeebot@0.0.2
8 verbose unsafe-perm in lifecycle true
9 info MC-Squeebot@0.0.2 Failed to exec start script
10 error MC-Squeebot@0.0.2 start: `./run.js`
10 error Exit status 1
11 error Failed at the MC-Squeebot@0.0.2 start script.
11 error This is most likely a problem with the MC-Squeebot package,
11 error not with npm itself.
11 error Tell the author that this fails on your system:
11 error     ./run.js
11 error You can get their info via:
11 error     npm owner ls MC-Squeebot
11 error There is likely additional logging output above.
12 error System Windows_NT 6.1.7601
13 error command "C:\\Program Files\\nodejs\\\\node.exe" "C:\\Program Files\\nodejs\\node_modules\\npm\\bin\\npm-cli.js" "start"
14 error cwd C:\Users\Evert\Documents\Projects_TEMP\NodeMCServer
15 error node -v v0.10.22
16 error npm -v 1.3.14
17 error code ELIFECYCLE
18 verbose exit [ 1, true ]
